<?xml version="1.0" encoding="UTF-8"?>
<TestRun id="9997c27b-d387-451d-9978-4d0b25a7784b" name="HolperM@LENOVAKLEINMHO 2010-07-06 12:58:33" runUser="COMPAX\HolperM" xmlns="http://microsoft.com/schemas/VisualStudio/TeamTest/2006">
  <TestRunConfiguration name="Lokaler Testlauf" id="3cde0e70-9e75-4b76-a987-9e1d702958f0">
    <Description>Dies ist eine standardmäßige Testlaufkonfiguration für einen lokalen Testlauf.</Description>
    <Deployment runDeploymentRoot="C:\Projekte\SPR-FH\svn\HeuristicLab\HeuristicLab.Services.Authentication Prototyp\HeuristicLab.Services.Authentication Prototype\TestResults\HolperM_LENOVAKLEINMHO 2010-07-06 12_58_33">
      <DeploymentItem filename="C:\Projekte\SPR-FH\svn\HeuristicLab\HeuristicLab.Services.Authentication Prototyp\HeuristicLab.Services.Authentication Prototype\Service\bin\Debug\Service.dll" />
      <DeploymentItem filename="C:\Projekte\SPR-FH\svn\HeuristicLab\HeuristicLab.Services.Authentication Prototyp\HeuristicLab.Services.Authentication Prototype\Persistence\bin\Debug\Persistence.dll" />
    </Deployment>
    <TestTypeSpecific />
  </TestRunConfiguration>
  <ResultSummary outcome="Completed">
    <Counters total="1" executed="1" passed="1" error="0" failed="0" timeout="0" aborted="0" inconclusive="0" passedButRunAborted="0" notRunnable="0" notExecuted="0" disconnected="0" warning="0" completed="0" inProgress="0" pending="0" />
  </ResultSummary>
  <Times creation="2010-07-06T12:58:33.9488136+02:00" queuing="2010-07-06T12:58:35.9149261+02:00" start="2010-07-06T12:58:36.0309327+02:00" finish="2010-07-06T12:58:38.2020569+02:00" />
  <TestDefinitions>
    <UnitTest name="GetAllRolesTest" storage="c:\projekte\spr-fh\svn\heuristiclab\heuristiclab.services.authentication prototyp\heuristiclab.services.authentication prototype\unittests\bin\debug\unittests.dll" id="6af0f397-4c32-7395-eef2-8ad544b236ba">
      <Css projectStructure="" iteration="" />
      <Owners>
        <Owner name="" />
      </Owners>
      <Execution id="87298bca-8076-4378-886a-a53cca10356c" />
      <TestMethod codeBase="C:\Projekte\SPR-FH\svn\HeuristicLab\HeuristicLab.Services.Authentication Prototyp\HeuristicLab.Services.Authentication Prototype\UnitTests\bin\Debug\UnitTests.dll" adapterTypeName="Microsoft.VisualStudio.TestTools.TestTypes.Unit.UnitTestAdapter, Microsoft.VisualStudio.QualityTools.Tips.UnitTest.Adapter, Version=9.0.0.0, Culture=neutral, PublicKeyToken=b03f5f7f11d50a3a" className="UnitTests.HeuristicLabRoleProviderTest, UnitTests" name="GetAllRolesTest" />
    </UnitTest>
  </TestDefinitions>
  <TestLists>
    <TestList name="Results Not in a List" id="8c84fa94-04c1-424b-9868-57a2d4851a1d" />
    <TestList name="All Loaded Results" id="19431567-8539-422a-85d7-44ee4e166bda" />
  </TestLists>
  <TestEntries>
    <TestEntry testId="6af0f397-4c32-7395-eef2-8ad544b236ba" executionId="87298bca-8076-4378-886a-a53cca10356c" testListId="8c84fa94-04c1-424b-9868-57a2d4851a1d" />
  </TestEntries>
  <Results>
    <UnitTestResult executionId="87298bca-8076-4378-886a-a53cca10356c" testId="6af0f397-4c32-7395-eef2-8ad544b236ba" testName="GetAllRolesTest" computerName="LENOVAKLEINMHO" duration="00:00:01.5490247" startTime="2010-07-06T12:58:36.2499452+02:00" endTime="2010-07-06T12:58:38.1860560+02:00" testType="13cdc9d9-ddb5-4fa4-a97d-d965ccfc6d4b" outcome="Passed" testListId="8c84fa94-04c1-424b-9868-57a2d4851a1d">
      <Output>
      </Output>
    </UnitTestResult>
  </Results>
</TestRun>