<?xml version="1.0" encoding="UTF-8"?>
<TestRun id="b65afbdc-2e54-47bc-87c2-6f846ff81098" name="HolperM@LENOVAKLEINMHO 2010-07-06 12:58:42" runUser="COMPAX\HolperM" xmlns="http://microsoft.com/schemas/VisualStudio/TeamTest/2006">
  <TestRunConfiguration name="Lokaler Testlauf" id="3cde0e70-9e75-4b76-a987-9e1d702958f0">
    <Description>Dies ist eine standardmäßige Testlaufkonfiguration für einen lokalen Testlauf.</Description>
    <Deployment runDeploymentRoot="C:\Projekte\SPR-FH\svn\HeuristicLab\HeuristicLab.Services.Authentication Prototyp\HeuristicLab.Services.Authentication Prototype\TestResults\HolperM_LENOVAKLEINMHO 2010-07-06 12_58_42">
      <DeploymentItem filename="C:\Projekte\SPR-FH\svn\HeuristicLab\HeuristicLab.Services.Authentication Prototyp\HeuristicLab.Services.Authentication Prototype\Service\bin\Debug\Service.dll" />
      <DeploymentItem filename="C:\Projekte\SPR-FH\svn\HeuristicLab\HeuristicLab.Services.Authentication Prototyp\HeuristicLab.Services.Authentication Prototype\Persistence\bin\Debug\Persistence.dll" />
    </Deployment>
    <TestTypeSpecific />
  </TestRunConfiguration>
  <ResultSummary outcome="Completed">
    <Counters total="1" executed="1" passed="1" error="0" failed="0" timeout="0" aborted="0" inconclusive="0" passedButRunAborted="0" notRunnable="0" notExecuted="0" disconnected="0" warning="0" completed="0" inProgress="0" pending="0" />
  </ResultSummary>
  <Times creation="2010-07-06T12:58:42.8813245+02:00" queuing="2010-07-06T12:58:44.9794445+02:00" start="2010-07-06T12:58:45.1694554+02:00" finish="2010-07-06T12:58:47.5205899+02:00" />
  <TestDefinitions>
    <UnitTest name="FindUsersInRoleTest" storage="c:\projekte\spr-fh\svn\heuristiclab\heuristiclab.services.authentication prototyp\heuristiclab.services.authentication prototype\unittests\bin\debug\unittests.dll" id="3d3010a0-a276-ccc1-237e-3b333b8c922e">
      <Css projectStructure="" iteration="" />
      <Owners>
        <Owner name="" />
      </Owners>
      <Execution id="c63ce9ce-c2f6-401f-9a2d-29c3c47854b9" />
      <TestMethod codeBase="C:\Projekte\SPR-FH\svn\HeuristicLab\HeuristicLab.Services.Authentication Prototyp\HeuristicLab.Services.Authentication Prototype\UnitTests\bin\Debug\UnitTests.dll" adapterTypeName="Microsoft.VisualStudio.TestTools.TestTypes.Unit.UnitTestAdapter, Microsoft.VisualStudio.QualityTools.Tips.UnitTest.Adapter, Version=9.0.0.0, Culture=neutral, PublicKeyToken=b03f5f7f11d50a3a" className="UnitTests.HeuristicLabRoleProviderTest, UnitTests" name="FindUsersInRoleTest" />
    </UnitTest>
  </TestDefinitions>
  <TestLists>
    <TestList name="Results Not in a List" id="8c84fa94-04c1-424b-9868-57a2d4851a1d" />
    <TestList name="All Loaded Results" id="19431567-8539-422a-85d7-44ee4e166bda" />
  </TestLists>
  <TestEntries>
    <TestEntry testId="3d3010a0-a276-ccc1-237e-3b333b8c922e" executionId="c63ce9ce-c2f6-401f-9a2d-29c3c47854b9" testListId="8c84fa94-04c1-424b-9868-57a2d4851a1d" />
  </TestEntries>
  <Results>
    <UnitTestResult executionId="c63ce9ce-c2f6-401f-9a2d-29c3c47854b9" testId="3d3010a0-a276-ccc1-237e-3b333b8c922e" testName="FindUsersInRoleTest" computerName="LENOVAKLEINMHO" duration="00:00:01.8213319" startTime="2010-07-06T12:58:45.3114635+02:00" endTime="2010-07-06T12:58:47.5065891+02:00" testType="13cdc9d9-ddb5-4fa4-a97d-d965ccfc6d4b" outcome="Passed" testListId="8c84fa94-04c1-424b-9868-57a2d4851a1d">
      <Output>
      </Output>
    </UnitTestResult>
  </Results>
</TestRun>