<?xml version="1.0" encoding="UTF-8"?>
<TestRun id="ea2bcdc9-70c7-462c-85c9-2f336d152ee5" name="HolperM@LENOVAKLEINMHO 2010-07-06 12:57:52" runUser="COMPAX\HolperM" xmlns="http://microsoft.com/schemas/VisualStudio/TeamTest/2006">
  <TestRunConfiguration name="Lokaler Testlauf" id="3cde0e70-9e75-4b76-a987-9e1d702958f0">
    <Description>Dies ist eine standardmäßige Testlaufkonfiguration für einen lokalen Testlauf.</Description>
    <Deployment runDeploymentRoot="C:\Projekte\SPR-FH\svn\HeuristicLab\HeuristicLab.Services.Authentication Prototyp\HeuristicLab.Services.Authentication Prototype\TestResults\HolperM_LENOVAKLEINMHO 2010-07-06 12_57_52">
      <DeploymentItem filename="C:\Projekte\SPR-FH\svn\HeuristicLab\HeuristicLab.Services.Authentication Prototyp\HeuristicLab.Services.Authentication Prototype\Service\bin\Debug\Service.dll" />
      <DeploymentItem filename="C:\Projekte\SPR-FH\svn\HeuristicLab\HeuristicLab.Services.Authentication Prototyp\HeuristicLab.Services.Authentication Prototype\Persistence\bin\Debug\Persistence.dll" />
    </Deployment>
    <TestTypeSpecific />
  </TestRunConfiguration>
  <ResultSummary outcome="Completed">
    <Counters total="1" executed="1" passed="1" error="0" failed="0" timeout="0" aborted="0" inconclusive="0" passedButRunAborted="0" notRunnable="0" notExecuted="0" disconnected="0" warning="0" completed="0" inProgress="0" pending="0" />
  </ResultSummary>
  <Times creation="2010-07-06T12:57:52.0484171+02:00" queuing="2010-07-06T12:57:54.2335420+02:00" start="2010-07-06T12:57:54.3625494+02:00" finish="2010-07-06T12:57:56.8696928+02:00" />
  <TestDefinitions>
    <UnitTest name="RemoveUsersFromRolesTest" storage="c:\projekte\spr-fh\svn\heuristiclab\heuristiclab.services.authentication prototyp\heuristiclab.services.authentication prototype\unittests\bin\debug\unittests.dll" id="ac003d48-3914-cbfc-71f8-06b626d85e48">
      <Css projectStructure="" iteration="" />
      <Owners>
        <Owner name="" />
      </Owners>
      <Execution id="e71c8e98-6d42-4a7e-958a-841828957713" />
      <TestMethod codeBase="C:\Projekte\SPR-FH\svn\HeuristicLab\HeuristicLab.Services.Authentication Prototyp\HeuristicLab.Services.Authentication Prototype\UnitTests\bin\Debug\UnitTests.dll" adapterTypeName="Microsoft.VisualStudio.TestTools.TestTypes.Unit.UnitTestAdapter, Microsoft.VisualStudio.QualityTools.Tips.UnitTest.Adapter, Version=9.0.0.0, Culture=neutral, PublicKeyToken=b03f5f7f11d50a3a" className="UnitTests.HeuristicLabRoleProviderTest, UnitTests" name="RemoveUsersFromRolesTest" />
    </UnitTest>
  </TestDefinitions>
  <TestLists>
    <TestList name="Results Not in a List" id="8c84fa94-04c1-424b-9868-57a2d4851a1d" />
    <TestList name="All Loaded Results" id="19431567-8539-422a-85d7-44ee4e166bda" />
  </TestLists>
  <TestEntries>
    <TestEntry testId="ac003d48-3914-cbfc-71f8-06b626d85e48" executionId="e71c8e98-6d42-4a7e-958a-841828957713" testListId="8c84fa94-04c1-424b-9868-57a2d4851a1d" />
  </TestEntries>
  <Results>
    <UnitTestResult executionId="e71c8e98-6d42-4a7e-958a-841828957713" testId="ac003d48-3914-cbfc-71f8-06b626d85e48" testName="RemoveUsersFromRolesTest" computerName="LENOVAKLEINMHO" duration="00:00:02.0032551" startTime="2010-07-06T12:57:54.3975514+02:00" endTime="2010-07-06T12:57:56.8356909+02:00" testType="13cdc9d9-ddb5-4fa4-a97d-d965ccfc6d4b" outcome="Passed" testListId="8c84fa94-04c1-424b-9868-57a2d4851a1d">
      <Output>
      </Output>
    </UnitTestResult>
  </Results>
</TestRun>