<?xml version="1.0" encoding="UTF-8"?>
<TestRun id="77705423-3ae6-4082-a208-8dca6567684b" name="HolperM@LENOVAKLEINMHO 2010-07-06 12:58:54" runUser="COMPAX\HolperM" xmlns="http://microsoft.com/schemas/VisualStudio/TeamTest/2006">
  <TestRunConfiguration name="Lokaler Testlauf" id="3cde0e70-9e75-4b76-a987-9e1d702958f0">
    <Description>Dies ist eine standardmäßige Testlaufkonfiguration für einen lokalen Testlauf.</Description>
    <Deployment runDeploymentRoot="C:\Projekte\SPR-FH\svn\HeuristicLab\HeuristicLab.Services.Authentication Prototyp\HeuristicLab.Services.Authentication Prototype\TestResults\HolperM_LENOVAKLEINMHO 2010-07-06 12_58_54">
      <DeploymentItem filename="C:\Projekte\SPR-FH\svn\HeuristicLab\HeuristicLab.Services.Authentication Prototyp\HeuristicLab.Services.Authentication Prototype\Service\bin\Debug\Service.dll" />
      <DeploymentItem filename="C:\Projekte\SPR-FH\svn\HeuristicLab\HeuristicLab.Services.Authentication Prototyp\HeuristicLab.Services.Authentication Prototype\Persistence\bin\Debug\Persistence.dll" />
    </Deployment>
    <TestTypeSpecific />
  </TestRunConfiguration>
  <ResultSummary outcome="Completed">
    <Counters total="1" executed="1" passed="1" error="0" failed="0" timeout="0" aborted="0" inconclusive="0" passedButRunAborted="0" notRunnable="0" notExecuted="0" disconnected="0" warning="0" completed="0" inProgress="0" pending="0" />
  </ResultSummary>
  <Times creation="2010-07-06T12:58:54.2609754+02:00" queuing="2010-07-06T12:58:56.1030808+02:00" start="2010-07-06T12:58:56.1420830+02:00" finish="2010-07-06T12:58:58.8802396+02:00" />
  <TestDefinitions>
    <UnitTest name="DeleteRoleTest" storage="c:\projekte\spr-fh\svn\heuristiclab\heuristiclab.services.authentication prototyp\heuristiclab.services.authentication prototype\unittests\bin\debug\unittests.dll" id="bd2b2af4-a196-8696-fdfe-6f8c91dee0ed">
      <Css projectStructure="" iteration="" />
      <Owners>
        <Owner name="" />
      </Owners>
      <Execution id="4c306682-97dc-4a70-80d2-97b9539c517b" />
      <TestMethod codeBase="C:\Projekte\SPR-FH\svn\HeuristicLab\HeuristicLab.Services.Authentication Prototyp\HeuristicLab.Services.Authentication Prototype\UnitTests\bin\Debug\UnitTests.dll" adapterTypeName="Microsoft.VisualStudio.TestTools.TestTypes.Unit.UnitTestAdapter, Microsoft.VisualStudio.QualityTools.Tips.UnitTest.Adapter, Version=9.0.0.0, Culture=neutral, PublicKeyToken=b03f5f7f11d50a3a" className="UnitTests.HeuristicLabRoleProviderTest, UnitTests" name="DeleteRoleTest" />
    </UnitTest>
  </TestDefinitions>
  <TestLists>
    <TestList name="Results Not in a List" id="8c84fa94-04c1-424b-9868-57a2d4851a1d" />
    <TestList name="All Loaded Results" id="19431567-8539-422a-85d7-44ee4e166bda" />
  </TestLists>
  <TestEntries>
    <TestEntry testId="bd2b2af4-a196-8696-fdfe-6f8c91dee0ed" executionId="4c306682-97dc-4a70-80d2-97b9539c517b" testListId="8c84fa94-04c1-424b-9868-57a2d4851a1d" />
  </TestEntries>
  <Results>
    <UnitTestResult executionId="4c306682-97dc-4a70-80d2-97b9539c517b" testId="bd2b2af4-a196-8696-fdfe-6f8c91dee0ed" testName="DeleteRoleTest" computerName="LENOVAKLEINMHO" duration="00:00:02.1540527" startTime="2010-07-06T12:58:56.2260878+02:00" endTime="2010-07-06T12:58:58.8582384+02:00" testType="13cdc9d9-ddb5-4fa4-a97d-d965ccfc6d4b" outcome="Passed" testListId="8c84fa94-04c1-424b-9868-57a2d4851a1d">
      <Output>
      </Output>
    </UnitTestResult>
  </Results>
</TestRun>